<?xml version="1.0" encoding="UTF-8"?>
<!-- Generated by org.testng.reporters.JUnitReportReporter -->
<testsuite hostname="LAPTOP-1Q6O13EU" failures="0" tests="1" name="Cucumber.TestNGTestRunner" time="17.821" errors="0" timestamp="2024-07-22T18:40:10 IST" skipped="0">
  <testcase classname="Cucumber.TestNGTestRunner" name="runScenario" time="17.821"/>
  <system-out/>
</testsuite> <!-- Cucumber.TestNGTestRunner -->
