<?xml version="1.0" encoding="UTF-8"?>
<!-- Generated by org.testng.reporters.JUnitReportReporter -->
<testsuite hostname="LAPTOP-1Q6O13EU" failures="0" tests="1" name="DheekshaAcedemy.ErrorValidationsTest" time="41.033" errors="0" timestamp="2024-07-14T15:50:29 IST" skipped="0">
  <testcase classname="DheekshaAcedemy.ErrorValidationsTest" name="LoginErrorValidation" time="41.033"/>
  <system-out/>
</testsuite> <!-- DheekshaAcedemy.ErrorValidationsTest -->
