<?xml version="1.0" encoding="UTF-8"?>
<!-- Generated by org.testng.reporters.JUnitReportReporter -->
<testsuite hostname="LAPTOP-1Q6O13EU" failures="0" tests="1" name="DheekshaAcedemy.ErrorValidations" time="12.241" errors="0" timestamp="2024-07-05T18:46:05 IST" skipped="0">
  <testcase classname="DheekshaAcedemy.ErrorValidations" name="submitordermethod" time="12.241"/>
</testsuite> <!-- DheekshaAcedemy.ErrorValidations -->
